<?xml version="1.0" encoding="UTF-8"?>
<testsuites name="Mocha Tests" time="0.0020" tests="8" failures="7">
  <testsuite name="Root Suite" timestamp="2023-01-12T08:13:38" tests="0" time="0.0000" failures="0">
  </testsuite>
  <testsuite name="/attractions/search?score=N" timestamp="2023-01-12T08:13:38" tests="8" file="/home/abraham/Personal/Jobs/4160440b-8eb4-4b23-8d7e-8a93a52b1625/test/test.js" time="0.0020" failures="7">
    <testcase name="/attractions/search?score=N it should GET all attractions with a review score higher than or equal to 7" time="0.0000" classname="it should GET all attractions with a review score higher than or equal to 7">
      <failure message="Cannot read property &apos;should&apos; of undefined" type="TypeError"><![CDATA[TypeError: Cannot read property 'should' of undefined
    at test/test.js:21:52
    at Test.Request.callback (node_modules/superagent/lib/node/index.js:619:12)
    at node_modules/superagent/lib/node/index.js:795:18
    at IncomingMessage.<anonymous> (node_modules/superagent/lib/node/parsers/json.js:16:7)
    at endReadableNT (internal/streams/readable.js:1317:12)
    at processTicksAndRejections (internal/process/task_queues.js:82:21)]]></failure>
    </testcase>
    <testcase name="/attractions/search?score=N it should GET all attractions with a review score higher than or equal to 10" time="0.0000" classname="it should GET all attractions with a review score higher than or equal to 10">
      <failure message="Cannot read property &apos;should&apos; of undefined" type="TypeError"><![CDATA[TypeError: Cannot read property 'should' of undefined
    at test/test.js:38:53
    at Test.Request.callback (node_modules/superagent/lib/node/index.js:619:12)
    at node_modules/superagent/lib/node/index.js:795:18
    at IncomingMessage.<anonymous> (node_modules/superagent/lib/node/parsers/json.js:16:7)
    at endReadableNT (internal/streams/readable.js:1317:12)
    at processTicksAndRejections (internal/process/task_queues.js:82:21)]]></failure>
    </testcase>
    <testcase name="/attractions/search?score=N it should GET all attractions with a review score higher than 1" time="0.0000" classname="it should GET all attractions with a review score higher than 1">
      <failure message="Cannot read property &apos;should&apos; of undefined" type="TypeError"><![CDATA[TypeError: Cannot read property 'should' of undefined
    at test/test.js:55:52
    at Test.Request.callback (node_modules/superagent/lib/node/index.js:619:12)
    at node_modules/superagent/lib/node/index.js:795:18
    at IncomingMessage.<anonymous> (node_modules/superagent/lib/node/parsers/json.js:16:7)
    at endReadableNT (internal/streams/readable.js:1317:12)
    at processTicksAndRejections (internal/process/task_queues.js:82:21)]]></failure>
    </testcase>
    <testcase name="/attractions/search?score=N it should GET no attractions when the requested review score higher than 10" time="0.0020" classname="it should GET no attractions when the requested review score higher than 10">
    </testcase>
    <testcase name="/attractions/search?score=N it should GET no attractions when the requested review score lower than 1" time="0.0000" classname="it should GET no attractions when the requested review score lower than 1">
      <failure message="expected 5 to deeply equal 0" type="AssertionError"><![CDATA[AssertionError: expected 5 to deeply equal 0
    at test/test.js:81:48
    at Test.Request.callback (node_modules/superagent/lib/node/index.js:619:12)
    at node_modules/superagent/lib/node/index.js:795:18
    at IncomingMessage.<anonymous> (node_modules/superagent/lib/node/parsers/json.js:16:7)
    at endReadableNT (internal/streams/readable.js:1317:12)
    at processTicksAndRejections (internal/process/task_queues.js:82:21)]]></failure>
    </testcase>
    <testcase name="/attractions/search?score=N it should GET no attractions when the requested review score is 0" time="0.0000" classname="it should GET no attractions when the requested review score is 0">
      <failure message="expected 5 to deeply equal 0" type="AssertionError"><![CDATA[AssertionError: expected 5 to deeply equal 0
    at test/test.js:93:48
    at Test.Request.callback (node_modules/superagent/lib/node/index.js:619:12)
    at node_modules/superagent/lib/node/index.js:795:18
    at IncomingMessage.<anonymous> (node_modules/superagent/lib/node/parsers/json.js:16:7)
    at endReadableNT (internal/streams/readable.js:1317:12)
    at processTicksAndRejections (internal/process/task_queues.js:82:21)]]></failure>
    </testcase>
    <testcase name="/attractions/search?score=N it should return 400 on non numerical requested review score" time="0.0000" classname="it should return 400 on non numerical requested review score">
      <failure message="expected { Object (_events, _eventsCount, ...) } to have status code 400 but got 200" type="AssertionError"><![CDATA[AssertionError: expected { Object (_events, _eventsCount, ...) } to have status code 400 but got 200
    at test/test.js:103:35
    at Test.Request.callback (node_modules/superagent/lib/node/index.js:619:12)
    at node_modules/superagent/lib/node/index.js:795:18
    at IncomingMessage.<anonymous> (node_modules/superagent/lib/node/parsers/json.js:16:7)
    at endReadableNT (internal/streams/readable.js:1317:12)
    at processTicksAndRejections (internal/process/task_queues.js:82:21)]]></failure>
    </testcase>
    <testcase name="/attractions/search?score=N it should return 400 on empty requested review score input" time="0.0000" classname="it should return 400 on empty requested review score input">
      <failure message="expected { Object (_events, _eventsCount, ...) } to have status code 400 but got 200" type="AssertionError"><![CDATA[AssertionError: expected { Object (_events, _eventsCount, ...) } to have status code 400 but got 200
    at test/test.js:117:35
    at Test.Request.callback (node_modules/superagent/lib/node/index.js:619:12)
    at node_modules/superagent/lib/node/index.js:795:18
    at IncomingMessage.<anonymous> (node_modules/superagent/lib/node/parsers/json.js:16:7)
    at endReadableNT (internal/streams/readable.js:1317:12)
    at processTicksAndRejections (internal/process/task_queues.js:82:21)]]></failure>
    </testcase>
  </testsuite>
</testsuites>